Using pre-set license
Built from '2021.3/staging' branch; Version is '2021.3.9f1 (ad3870b89536) revision 11352176'; Using compiler version '192829333'; Build Type 'Release'
OS: 'Windows 10  (10.0.19045) 64bit Core' Language: 'en' Physical Memory: 16173 MB
BatchMode: 1, IsHumanControllingUs: 0, StartBugReporterOnCrash: 0, Is64bit: 1, IsPro: 1

COMMAND LINE ARGUMENTS:
C:\Program Files\Unity\Hub\Editor\2021.3.9f1\Editor\Unity.exe
-adb2
-batchMode
-noUpm
-name
AssetImportWorker0
-projectPath
C:/Users/andre/OneDrive/Documents/GitHub/11-particles-AndrewDaSilva11
-logFile
Logs/AssetImportWorker0.log
-srvPort
53332
Successfully changed project path to: C:/Users/andre/OneDrive/Documents/GitHub/11-particles-AndrewDaSilva11
C:/Users/andre/OneDrive/Documents/GitHub/11-particles-AndrewDaSilva11
[UnityMemory] Configuration Parameters - Can be set up in boot.config
    "memorysetup-bucket-allocator-granularity=16"
    "memorysetup-bucket-allocator-bucket-count=8"
    "memorysetup-bucket-allocator-block-size=33554432"
    "memorysetup-bucket-allocator-block-count=8"
    "memorysetup-main-allocator-block-size=16777216"
    "memorysetup-thread-allocator-block-size=16777216"
    "memorysetup-gfx-main-allocator-block-size=16777216"
    "memorysetup-gfx-thread-allocator-block-size=16777216"
    "memorysetup-cache-allocator-block-size=4194304"
    "memorysetup-typetree-allocator-block-size=2097152"
    "memorysetup-profiler-bucket-allocator-granularity=16"
    "memorysetup-profiler-bucket-allocator-bucket-count=8"
    "memorysetup-profiler-bucket-allocator-block-size=33554432"
    "memorysetup-profiler-bucket-allocator-block-count=8"
    "memorysetup-profiler-allocator-block-size=16777216"
    "memorysetup-profiler-editor-allocator-block-size=1048576"
    "memorysetup-temp-allocator-size-main=16777216"
    "memorysetup-job-temp-allocator-block-size=2097152"
    "memorysetup-job-temp-allocator-block-size-background=1048576"
    "memorysetup-job-temp-allocator-reduction-small-platforms=262144"
    "memorysetup-temp-allocator-size-background-worker=32768"
    "memorysetup-temp-allocator-size-job-worker=262144"
    "memorysetup-temp-allocator-size-preload-manager=33554432"
    "memorysetup-temp-allocator-size-nav-mesh-worker=65536"
    "memorysetup-temp-allocator-size-audio-worker=65536"
    "memorysetup-temp-allocator-size-cloud-worker=32768"
    "memorysetup-temp-allocator-size-gi-baking-worker=262144"
    "memorysetup-temp-allocator-size-gfx=262144"
Refreshing native plugins compatible for Editor in 81.85 ms, found 3 plugins.
Preloading 0 native plugins for Editor in 0.00 ms.
Initialize engine version: 2021.3.9f1 (ad3870b89536)
[Subsystems] Discovering subsystems at path C:/Program Files/Unity/Hub/Editor/2021.3.9f1/Editor/Data/Resources/UnitySubsystems
[Subsystems] Discovering subsystems at path C:/Users/andre/OneDrive/Documents/GitHub/11-particles-AndrewDaSilva11/Assets
GfxDevice: creating device client; threaded=0; jobified=0
Direct3D:
    Version:  Direct3D 11.0 [level 11.1]
    Renderer: NVIDIA GeForce RTX 2060 (ID=0x1f11)
    Vendor:   NVIDIA
    VRAM:     5980 MB
    Driver:   30.0.15.1298
Initialize mono
Mono path[0] = 'C:/Program Files/Unity/Hub/Editor/2021.3.9f1/Editor/Data/Managed'
Mono path[1] = 'C:/Program Files/Unity/Hub/Editor/2021.3.9f1/Editor/Data/MonoBleedingEdge/lib/mono/unityjit-win32'
Mono config path = 'C:/Program Files/Unity/Hub/Editor/2021.3.9f1/Editor/Data/MonoBleedingEdge/etc'
Using monoOptions --debugger-agent=transport=dt_socket,embedding=1,server=y,suspend=n,address=127.0.0.1:56672
Begin MonoManager ReloadAssembly
Registering precompiled unity dll's ...
Register platform support module: C:/Program Files/Unity/Hub/Editor/2021.3.9f1/Editor/Data/PlaybackEngines/WebGLSupport/UnityEditor.WebGL.Extensions.dll
Register platform support module: C:/Program Files/Unity/Hub/Editor/2021.3.9f1/Editor/Data/PlaybackEngines/WindowsStandaloneSupport/UnityEditor.WindowsStandalone.Extensions.dll
Registered in 0.011058 seconds.
Native extension for WindowsStandalone target not found
Native extension for WebGL target not found
Refreshing native plugins compatible for Editor in 70.30 ms, found 3 plugins.
Preloading 0 native plugins for Editor in 0.00 ms.
Mono: successfully reloaded assembly
- Completed reload, in  0.676 seconds
Domain Reload Profiling:
	ReloadAssembly (677ms)
		BeginReloadAssembly (81ms)
			ExecutionOrderSort (0ms)
			DisableScriptedObjects (0ms)
			BackupInstance (0ms)
			ReleaseScriptingObjects (0ms)
			CreateAndSetChildDomain (1ms)
		EndReloadAssembly (472ms)
			LoadAssemblies (78ms)
			RebuildTransferFunctionScriptingTraits (0ms)
			SetupTypeCache (109ms)
			ReleaseScriptCaches (0ms)
			RebuildScriptCaches (32ms)
			SetupLoadedEditorAssemblies (275ms)
				LogAssemblyErrors (0ms)
				InitializePlatformSupportModulesInManaged (12ms)
				SetLoadedEditorAssemblies (0ms)
				RefreshPlugins (70ms)
				BeforeProcessingInitializeOnLoad (1ms)
				ProcessInitializeOnLoadAttributes (147ms)
				ProcessInitializeOnLoadMethodAttributes (44ms)
				AfterProcessingInitializeOnLoad (0ms)
				EditorAssembliesLoaded (0ms)
			ExecutionOrderSort2 (0ms)
			AwakeInstancesAfterBackupRestoration (0ms)
Platform modules already initialized, skipping
Registering precompiled user dll's ...
Registered in 0.007777 seconds.
Begin MonoManager ReloadAssembly
Symbol file LoadedFromMemory doesn't match image C:\Users\andre\OneDrive\Documents\GitHub\11-particles-AndrewDaSilva11\Library\PackageCache\com.unity.visualscripting@1.7.8\Editor\VisualScripting.Core\Dependencies\YamlDotNet\Unity.VisualScripting.YamlDotNet.dll
Symbol file LoadedFromMemory doesn't match image C:\Users\andre\OneDrive\Documents\GitHub\11-particles-AndrewDaSilva11\Library\PackageCache\com.unity.visualscripting@1.7.8\Editor\VisualScripting.Core\Dependencies\DotNetZip\Unity.VisualScripting.IonicZip.dll
Native extension for WindowsStandalone target not found
Native extension for WebGL target not found
Refreshing native plugins compatible for Editor in 0.57 ms, found 3 plugins.
Preloading 0 native plugins for Editor in 0.00 ms.
Mono: successfully reloaded assembly
- Completed reload, in  1.131 seconds
Domain Reload Profiling:
	ReloadAssembly (1132ms)
		BeginReloadAssembly (132ms)
			ExecutionOrderSort (0ms)
			DisableScriptedObjects (6ms)
			BackupInstance (0ms)
			ReleaseScriptingObjects (0ms)
			CreateAndSetChildDomain (19ms)
		EndReloadAssembly (869ms)
			LoadAssemblies (99ms)
			RebuildTransferFunctionScriptingTraits (0ms)
			SetupTypeCache (245ms)
			ReleaseScriptCaches (1ms)
			RebuildScriptCaches (53ms)
			SetupLoadedEditorAssemblies (432ms)
				LogAssemblyErrors (0ms)
				InitializePlatformSupportModulesInManaged (8ms)
				SetLoadedEditorAssemblies (0ms)
				RefreshPlugins (1ms)
				BeforeProcessingInitializeOnLoad (98ms)
				ProcessInitializeOnLoadAttributes (280ms)
				ProcessInitializeOnLoadMethodAttributes (35ms)
				AfterProcessingInitializeOnLoad (11ms)
				EditorAssembliesLoaded (0ms)
			ExecutionOrderSort2 (0ms)
			AwakeInstancesAfterBackupRestoration (7ms)
Platform modules already initialized, skipping
========================================================================
Worker process is ready to serve import requests
Launched and connected shader compiler UnityShaderCompiler.exe after 0.05 seconds
Refreshing native plugins compatible for Editor in 0.80 ms, found 3 plugins.
Preloading 0 native plugins for Editor in 0.00 ms.
Unloading 3403 Unused Serialized files (Serialized files now loaded: 0)
Unloading 37 unused Assets / (1.3 MB). Loaded Objects now: 3851.
Memory consumption went from 123.9 MB to 122.6 MB.
Total: 3.040700 ms (FindLiveObjects: 0.265600 ms CreateObjectMapping: 0.202600 ms MarkObjects: 2.331500 ms  DeleteObjects: 0.240400 ms)

AssetImportParameters requested are different than current active one (requested -> active):
  custom:video-decoder-ogg-theora: a1e56fd34408186e4bbccfd4996cb3dc -> 
  custom:container-muxer-webm: aa71ff27fc2769a1b78a27578f13a17b -> 
  custom:container-demuxer-webm: 4f35f7cbe854078d1ac9338744f61a02 -> 
  custom:video-encoder-webm-vp8: eb34c28f22e8b96e1ab97ce403110664 -> 
  custom:audio-encoder-webm-vorbis: bf7c407c2cedff20999df2af8eb42d56 -> 
  custom:framework-win-MediaFoundation: 216162199b28c13a410421893ffa2e32 -> 
  custom:container-demuxer-ogg: 62fdf1f143b41e24485cea50d1cbac27 -> 
  custom:video-decoder-webm-vp8: 9c59270c3fd7afecdb556c50c9e8de78 -> 
  custom:audio-decoder-ogg-vorbis: bf7c407c2cedff20999df2af8eb42d56 -> 
========================================================================
Received Import Request.
  Time since last request: 552.982166 seconds.
  path: Assets/EffectExamples/Shared/Scripts/ParticleMenu.cs
  artifactKey: Guid(3b87f472a8687453eac1a8091330b6d5) Importer(815301076,1909f56bfc062723c751e8b465ee728b)
Start importing Assets/EffectExamples/Shared/Scripts/ParticleMenu.cs using Guid(3b87f472a8687453eac1a8091330b6d5) Importer(815301076,1909f56bfc062723c751e8b465ee728b)  -> (artifact id: 'ef141cb22ace05eef423f5dbffa77976') in 0.038594 seconds 
========================================================================
Received Import Request.
  Time since last request: 0.089610 seconds.
  path: Assets/EffectExamples/Shared/Scripts/ParticleExamples.cs
  artifactKey: Guid(1708b2ad8d149415d8ceffa3a0ae252f) Importer(815301076,1909f56bfc062723c751e8b465ee728b)
Start importing Assets/EffectExamples/Shared/Scripts/ParticleExamples.cs using Guid(1708b2ad8d149415d8ceffa3a0ae252f) Importer(815301076,1909f56bfc062723c751e8b465ee728b)  -> (artifact id: '06d8fd7d3bdbf2043f220cc115e0df0d') in 0.006728 seconds 
========================================================================
Received Import Request.
  Time since last request: 0.400371 seconds.
  path: Assets/EffectExamples/Shared/Scripts/ParticleCollision.cs
  artifactKey: Guid(4c111b630ead2a349b4c4cbf7a810085) Importer(815301076,1909f56bfc062723c751e8b465ee728b)
Start importing Assets/EffectExamples/Shared/Scripts/ParticleCollision.cs using Guid(4c111b630ead2a349b4c4cbf7a810085) Importer(815301076,1909f56bfc062723c751e8b465ee728b)  -> (artifact id: 'ea5103443d17626884c453f3dcfec905') in 0.007194 seconds 
========================================================================
Received Import Request.
  Time since last request: 0.366363 seconds.
  path: Assets/EffectExamples/Shared/Scripts/GunShoot.cs
  artifactKey: Guid(422d8644426474cfd8b793ce3c107314) Importer(815301076,1909f56bfc062723c751e8b465ee728b)
Start importing Assets/EffectExamples/Shared/Scripts/GunShoot.cs using Guid(422d8644426474cfd8b793ce3c107314) Importer(815301076,1909f56bfc062723c751e8b465ee728b)  -> (artifact id: '9784a7112387c0116a17826c0092724c') in 0.005940 seconds 
========================================================================
Received Import Request.
  Time since last request: 0.753179 seconds.
  path: Assets/EffectExamples/Shared/Scripts/GunAim.cs
  artifactKey: Guid(c63d71560c10e473ebc409185edd2c8c) Importer(815301076,1909f56bfc062723c751e8b465ee728b)
Start importing Assets/EffectExamples/Shared/Scripts/GunAim.cs using Guid(c63d71560c10e473ebc409185edd2c8c) Importer(815301076,1909f56bfc062723c751e8b465ee728b)  -> (artifact id: '5d47b20ae3852235e66405a322d20b2e') in 0.007536 seconds 
========================================================================
Received Import Request.
  Time since last request: 8.262775 seconds.
  path: Assets/EffectExamples/Scenes/Menu.unity
  artifactKey: Guid(01dc19837bbb44ce6a53695fcbb60de3) Importer(815301076,1909f56bfc062723c751e8b465ee728b)
Start importing Assets/EffectExamples/Scenes/Menu.unity using Guid(01dc19837bbb44ce6a53695fcbb60de3) Importer(815301076,1909f56bfc062723c751e8b465ee728b)  -> (artifact id: 'e61217d493976aeb909ac23339c8710b') in 0.006297 seconds 
========================================================================
Received Import Request.
  Time since last request: 11.893833 seconds.
  path: Assets/Scenes/SampleScene.unity
  artifactKey: Guid(9fc0d4010bbf28b4594072e72b8655ab) Importer(815301076,1909f56bfc062723c751e8b465ee728b)
Start importing Assets/Scenes/SampleScene.unity using Guid(9fc0d4010bbf28b4594072e72b8655ab) Importer(815301076,1909f56bfc062723c751e8b465ee728b)  -> (artifact id: '8f2dbbc1cedfd0107ca1ad38e8220053') in 0.006617 seconds 
========================================================================
Received Import Request.
  Time since last request: 19.003356 seconds.
  path: Packages/com.unity.postprocessing/PostProcessing/Shaders/Builtins/AutoExposure.compute
  artifactKey: Guid(34845e0ca016b7448842e965db5890a5) Importer(815301076,1909f56bfc062723c751e8b465ee728b)
Start importing Packages/com.unity.postprocessing/PostProcessing/Shaders/Builtins/AutoExposure.compute using Guid(34845e0ca016b7448842e965db5890a5) Importer(815301076,1909f56bfc062723c751e8b465ee728b)  -> (artifact id: '4ced405b8a1f6ce818c247444e0a5fba') in 0.026153 seconds 
========================================================================
Received Import Request.
  Time since last request: 0.000029 seconds.
  path: Packages/com.unity.postprocessing/PostProcessing/Shaders/Builtins/GaussianDownsample.compute
  artifactKey: Guid(6dba4103d23a7904fbc49099355aff3e) Importer(815301076,1909f56bfc062723c751e8b465ee728b)
Start importing Packages/com.unity.postprocessing/PostProcessing/Shaders/Builtins/GaussianDownsample.compute using Guid(6dba4103d23a7904fbc49099355aff3e) Importer(815301076,1909f56bfc062723c751e8b465ee728b)  -> (artifact id: '3d197400692567c42d613649b2ac2eef') in 0.009015 seconds 
========================================================================
Received Import Request.
  Time since last request: 0.000042 seconds.
  path: Packages/com.unity.postprocessing/PostProcessing/Shaders/Builtins/MultiScaleVOUpsample.compute
  artifactKey: Guid(600d6212b59bb40409d19d750b5fd1e9) Importer(815301076,1909f56bfc062723c751e8b465ee728b)
Start importing Packages/com.unity.postprocessing/PostProcessing/Shaders/Builtins/MultiScaleVOUpsample.compute using Guid(600d6212b59bb40409d19d750b5fd1e9) Importer(815301076,1909f56bfc062723c751e8b465ee728b)  -> (artifact id: '9dd5a92c1b3aa9214a5a414c507afdb6') in 0.008925 seconds 
========================================================================
Received Import Request.
  Time since last request: 0.000025 seconds.
  path: Packages/com.unity.postprocessing/PostProcessing/Shaders/Debug/Waveform.compute
  artifactKey: Guid(92c63830cd50c0b4fbb8233613839958) Importer(815301076,1909f56bfc062723c751e8b465ee728b)
Start importing Packages/com.unity.postprocessing/PostProcessing/Shaders/Debug/Waveform.compute using Guid(92c63830cd50c0b4fbb8233613839958) Importer(815301076,1909f56bfc062723c751e8b465ee728b)  -> (artifact id: 'a4e4100e0bbea4963bbda73643240875') in 0.008382 seconds 
========================================================================
Received Import Request.
  Time since last request: 0.000031 seconds.
  path: Packages/com.unity.postprocessing/PostProcessing/Shaders/Debug/Histogram.compute
  artifactKey: Guid(18183ebfeeab97749b43e38b928604a7) Importer(815301076,1909f56bfc062723c751e8b465ee728b)
Start importing Packages/com.unity.postprocessing/PostProcessing/Shaders/Debug/Histogram.compute using Guid(18183ebfeeab97749b43e38b928604a7) Importer(815301076,1909f56bfc062723c751e8b465ee728b)  -> (artifact id: '0a40e7d58c6d8c95f604d13cca1ead26') in 0.009539 seconds 
========================================================================
Received Import Request.
  Time since last request: 0.000035 seconds.
  path: Packages/com.unity.postprocessing/PostProcessing/Shaders/Builtins/MultiScaleVODownsample2.compute
  artifactKey: Guid(e4d3e4779e48a374f91d48d4c0aedb7b) Importer(815301076,1909f56bfc062723c751e8b465ee728b)
Start importing Packages/com.unity.postprocessing/PostProcessing/Shaders/Builtins/MultiScaleVODownsample2.compute using Guid(e4d3e4779e48a374f91d48d4c0aedb7b) Importer(815301076,1909f56bfc062723c751e8b465ee728b)  -> (artifact id: '01c6da6ad32e7681d96531f4784879d5') in 0.010929 seconds 
Editor requested this worker to shutdown with reason: Scaling down because of idle timeout
AssetImportWorker is now disconnected from the server
Process exiting
Exiting without the bug reporter. Application will terminate with return code 0